[0.000000] (-) TimerEvent: {}
[0.000277] (nav_pkg) JobQueued: {'identifier': 'nav_pkg', 'dependencies': OrderedDict()}
[0.000456] (nav_pkg) JobStarted: {'identifier': 'nav_pkg'}
[0.099635] (-) TimerEvent: {}
[0.199856] (-) TimerEvent: {}
[0.300317] (-) TimerEvent: {}
[0.400896] (-) TimerEvent: {}
[0.501235] (-) TimerEvent: {}
[0.505280] (nav_pkg) Command: {'cmd': ['/usr/bin/python3', 'setup.py', 'egg_info', '--egg-base', '../../build/nav_pkg', 'build', '--build-base', '/home/giovanna/navigation/build/nav_pkg/build', 'install', '--record', '/home/giovanna/navigation/build/nav_pkg/install.log', '--single-version-externally-managed'], 'cwd': '/home/giovanna/navigation/src/nav_pkg', 'env': {'USER': 'giovanna', 'LC_TIME': 'pt_BR.UTF-8', 'XDG_SESSION_TYPE': 'wayland', 'CMAKE_CXX_COMPILER': 'g++', 'BROWSER': 'firefox', 'XDG_CACHE_HOME': '/home/giovanna/.cache', 'SHLVL': '1', 'LD_LIBRARY_PATH': '/usr/lib/x86_64-linux-gnu/gazebo-11/plugins:/opt/ros/humble/opt/rviz_ogre_vendor/lib:/opt/ros/humble/lib/x86_64-linux-gnu:/opt/ros/humble/lib', 'HOME': '/home/giovanna', 'FIREFOX_BACKUP_DIR': '/home/giovanna/Documents/.backup/Mozilla', 'OLDPWD': '/home/giovanna/navigation', 'DESKTOP_SESSION': 'ubuntu', 'XDG_DOCUMENTS_DIR': '/home/giovanna/Documents', 'GTK_MODULES': 'gail:atk-bridge', 'GNOME_SHELL_SESSION_MODE': 'ubuntu', 'ROS_PYTHON_VERSION': '3', 'LC_MONETARY': 'pt_BR.UTF-8', 'XDG_STATE_HOME': '/home/giovanna/.local/state', 'VISUAL': 'nvim', 'SYSTEMD_EXEC_PID': '7914', 'DBUS_SESSION_BUS_ADDRESS': 'unix:path=/run/user/1000/bus', 'COLORTERM': 'truecolor', 'WAYLAND_DISPLAY': 'wayland-0', 'ROS_DISTRO': 'humble', 'LOGNAME': 'giovanna', '_': '/usr/bin/colcon', 'XDG_SESSION_CLASS': 'user', 'ROS_VERSION': '2', 'USERNAME': 'giovanna', 'TERM': 'xterm-256color', 'GNOME_DESKTOP_SESSION_ID': 'this-is-deprecated', 'ROS_LOCALHOST_ONLY': '0', 'PATH': '/opt/ros/humble/bin:/home/giovanna/bin:/home/giovanna/.local/bin:/home/giovanna/.cargo/bin:/home/giovanna/bin:/home/giovanna/.local/bin:/usr/local/sbin:/usr/local/bin:/usr/sbin:/usr/bin:/sbin:/bin:/usr/games:/usr/local/games:/snap/bin:/snap/bin', 'SESSION_MANAGER': 'local/giovanna-5420:@/tmp/.ICE-unix/1024,unix/giovanna-5420:/tmp/.ICE-unix/1024', 'GNOME_BACKUP_DIR': '/home/giovanna/Documents/.backup/Gnome', 'GNOME_SETUP_DISPLAY': ':1', 'XDG_RUNTIME_DIR': '/run/user/1000', 'LC_ADDRESS': 'pt_BR.UTF-8', 'GNOME_TERMINAL_SCREEN': '/org/gnome/Terminal/screen/762a9173_4cee_45a1_9cc9_8a81d2b38cda', 'XDG_MENU_PREFIX': 'gnome-', 'DISPLAY': ':0', 'CMAKE_C_COMPILER': 'gcc', 'LC_TELEPHONE': 'pt_BR.UTF-8', 'LANG': 'en_US.UTF-8', 'XDG_CURRENT_DESKTOP': 'ubuntu:GNOME', 'HISTSIZE': '10000', 'RMW_IMPLEMENTATION': 'rmw_cyclonedds_cpp', 'XAUTHORITY': '/run/user/1000/.mutter-Xwaylandauth.267OD2', 'XDG_SESSION_DESKTOP': 'ubuntu', 'XDG_DATA_HOME': '/home/giovanna/.local/share', 'GNOME_TERMINAL_SERVICE': ':1.322', 'XDG_CONFIG_HOME': '/home/giovanna/.config', 'XMODIFIERS': '@im=ibus', 'SSH_AGENT_LAUNCHER': 'gnome-keyring', 'SSH_AUTH_SOCK': '/run/user/1000/keyring/ssh', 'AMENT_PREFIX_PATH': '/opt/ros/humble', 'LC_NAME': 'pt_BR.UTF-8', 'SHELL': '/usr/bin/zsh', 'GDMSESSION': 'ubuntu', 'QT_ACCESSIBILITY': '1', 'LC_MEASUREMENT': 'pt_BR.UTF-8', 'LC_IDENTIFICATION': 'pt_BR.UTF-8', 'QT_IM_MODULE': 'ibus', 'SAVEHIST': '10000', 'PWD': '/home/giovanna/navigation/build/nav_pkg', 'TURTLEBOT3_MODEL': 'burger', 'XDG_DATA_DIRS': '/usr/local/share/:/usr/share/:/var/lib/snapd/desktop', 'KEYTIMEOUT': '1', 'LC_NUMERIC': 'pt_BR.UTF-8', 'PYTHONPATH': '/home/giovanna/navigation/build/nav_pkg/prefix_override:/home/giovanna/navigation/install/nav_pkg/lib/python3.10/site-packages:/opt/ros/humble/lib/python3.10/site-packages:/opt/ros/humble/local/lib/python3.10/dist-packages', 'HISTFILE': '/home/giovanna/.config/zsh/.zhistory', 'LC_PAPER': 'pt_BR.UTF-8', 'COLCON': '1', 'VTE_VERSION': '6800', 'EDITOR': 'nvim'}, 'shell': False}
[0.601384] (-) TimerEvent: {}
[0.661837] (nav_pkg) StdoutLine: {'line': b'running egg_info\n'}
[0.662226] (nav_pkg) StdoutLine: {'line': b'writing ../../build/nav_pkg/nav_pkg.egg-info/PKG-INFO\n'}
[0.662857] (nav_pkg) StdoutLine: {'line': b'writing dependency_links to ../../build/nav_pkg/nav_pkg.egg-info/dependency_links.txt\n'}
[0.663047] (nav_pkg) StdoutLine: {'line': b'writing entry points to ../../build/nav_pkg/nav_pkg.egg-info/entry_points.txt\n'}
[0.663123] (nav_pkg) StdoutLine: {'line': b'writing requirements to ../../build/nav_pkg/nav_pkg.egg-info/requires.txt\n'}
[0.663162] (nav_pkg) StdoutLine: {'line': b'writing top-level names to ../../build/nav_pkg/nav_pkg.egg-info/top_level.txt\n'}
[0.664677] (nav_pkg) StdoutLine: {'line': b"reading manifest file '../../build/nav_pkg/nav_pkg.egg-info/SOURCES.txt'\n"}
[0.665334] (nav_pkg) StdoutLine: {'line': b"writing manifest file '../../build/nav_pkg/nav_pkg.egg-info/SOURCES.txt'\n"}
[0.665423] (nav_pkg) StdoutLine: {'line': b'running build\n'}
[0.665468] (nav_pkg) StdoutLine: {'line': b'running build_py\n'}
[0.665645] (nav_pkg) StdoutLine: {'line': b'running install\n'}
[0.665759] (nav_pkg) StderrLine: {'line': b'/usr/lib/python3/dist-packages/setuptools/command/install.py:34: SetuptoolsDeprecationWarning: setup.py install is deprecated. Use build and pip and other standards-based tools.\n'}
[0.665822] (nav_pkg) StderrLine: {'line': b'  warnings.warn(\n'}
[0.666014] (nav_pkg) StdoutLine: {'line': b'running install_lib\n'}
[0.667043] (nav_pkg) StdoutLine: {'line': b'running install_data\n'}
[0.667449] (nav_pkg) StdoutLine: {'line': b'running install_egg_info\n'}
[0.668829] (nav_pkg) StdoutLine: {'line': b"removing '/home/giovanna/navigation/install/nav_pkg/lib/python3.10/site-packages/nav_pkg-0.0.0-py3.10.egg-info' (and everything under it)\n"}
[0.669048] (nav_pkg) StdoutLine: {'line': b'Copying ../../build/nav_pkg/nav_pkg.egg-info to /home/giovanna/navigation/install/nav_pkg/lib/python3.10/site-packages/nav_pkg-0.0.0-py3.10.egg-info\n'}
[0.669609] (nav_pkg) StdoutLine: {'line': b'running install_scripts\n'}
[0.685430] (nav_pkg) StdoutLine: {'line': b'Installing initial_position script to /home/giovanna/navigation/install/nav_pkg/lib/nav_pkg\n'}
[0.685622] (nav_pkg) StdoutLine: {'line': b'Installing nav_node script to /home/giovanna/navigation/install/nav_pkg/lib/nav_pkg\n'}
[0.685714] (nav_pkg) StdoutLine: {'line': b"writing list of installed files to '/home/giovanna/navigation/build/nav_pkg/install.log'\n"}
[0.701583] (-) TimerEvent: {}
[0.706521] (nav_pkg) CommandEnded: {'returncode': 0}
[0.742552] (nav_pkg) JobEnded: {'identifier': 'nav_pkg', 'rc': 0}
[0.743135] (-) EventReactorShutdown: {}
