[0.000000] (-) TimerEvent: {}
[0.000492] (nav_pkg) JobQueued: {'identifier': 'nav_pkg', 'dependencies': OrderedDict()}
[0.000925] (nav_pkg) JobStarted: {'identifier': 'nav_pkg'}
[0.100031] (-) TimerEvent: {}
[0.200334] (-) TimerEvent: {}
[0.300677] (-) TimerEvent: {}
[0.401001] (-) TimerEvent: {}
[0.501310] (-) TimerEvent: {}
[0.601647] (-) TimerEvent: {}
[0.651139] (nav_pkg) Command: {'cmd': ['/usr/bin/python3', 'setup.py', 'egg_info', '--egg-base', '../../build/nav_pkg', 'build', '--build-base', '/home/giovanna/navigation/build/nav_pkg/build', 'install', '--record', '/home/giovanna/navigation/build/nav_pkg/install.log', '--single-version-externally-managed'], 'cwd': '/home/giovanna/navigation/src/nav_pkg', 'env': {'USER': 'giovanna', 'LC_TIME': 'pt_BR.UTF-8', 'XDG_SESSION_TYPE': 'wayland', 'CMAKE_CXX_COMPILER': 'g++', 'BROWSER': 'firefox', 'XDG_CACHE_HOME': '/home/giovanna/.cache', 'SHLVL': '1', 'LD_LIBRARY_PATH': '/usr/lib/x86_64-linux-gnu/gazebo-11/plugins:/opt/ros/humble/opt/rviz_ogre_vendor/lib:/opt/ros/humble/lib/x86_64-linux-gnu:/opt/ros/humble/lib', 'HOME': '/home/giovanna', 'FIREFOX_BACKUP_DIR': '/home/giovanna/Documents/.backup/Mozilla', 'OLDPWD': '/home/giovanna/navigation/src', 'DESKTOP_SESSION': 'ubuntu', 'XDG_DOCUMENTS_DIR': '/home/giovanna/Documents', 'GTK_MODULES': 'gail:atk-bridge', 'GNOME_SHELL_SESSION_MODE': 'ubuntu', 'ROS_PYTHON_VERSION': '3', 'LC_MONETARY': 'pt_BR.UTF-8', 'XDG_STATE_HOME': '/home/giovanna/.local/state', 'VISUAL': 'nvim', 'SYSTEMD_EXEC_PID': '1085', 'DBUS_SESSION_BUS_ADDRESS': 'unix:path=/run/user/1000/bus', 'COLORTERM': 'truecolor', 'WAYLAND_DISPLAY': 'wayland-0', 'ROS_DISTRO': 'humble', 'LOGNAME': 'giovanna', '_': '/usr/bin/colcon', 'XDG_SESSION_CLASS': 'user', 'ROS_VERSION': '2', 'USERNAME': 'giovanna', 'TERM': 'xterm-256color', 'GNOME_DESKTOP_SESSION_ID': 'this-is-deprecated', 'ROS_LOCALHOST_ONLY': '0', 'PATH': '/opt/ros/humble/bin:/home/giovanna/bin:/home/giovanna/.local/bin:/home/giovanna/.cargo/bin:/home/giovanna/bin:/home/giovanna/.local/bin:/usr/local/sbin:/usr/local/bin:/usr/sbin:/usr/bin:/sbin:/bin:/usr/games:/usr/local/games:/snap/bin:/snap/bin', 'SESSION_MANAGER': 'local/giovanna-5420:@/tmp/.ICE-unix/1040,unix/giovanna-5420:/tmp/.ICE-unix/1040', 'GNOME_BACKUP_DIR': '/home/giovanna/Documents/.backup/Gnome', 'GNOME_SETUP_DISPLAY': ':1', 'XDG_RUNTIME_DIR': '/run/user/1000', 'LC_ADDRESS': 'pt_BR.UTF-8', 'GNOME_TERMINAL_SCREEN': '/org/gnome/Terminal/screen/86eb21de_e9ad_4991_bb78_b604cabd0fe6', 'XDG_MENU_PREFIX': 'gnome-', 'DISPLAY': ':0', 'CMAKE_C_COMPILER': 'gcc', 'LC_TELEPHONE': 'pt_BR.UTF-8', 'LANG': 'en_US.UTF-8', 'XDG_CURRENT_DESKTOP': 'ubuntu:GNOME', 'HISTSIZE': '10000', 'XAUTHORITY': '/run/user/1000/.mutter-Xwaylandauth.K6ETD2', 'XDG_SESSION_DESKTOP': 'ubuntu', 'XDG_DATA_HOME': '/home/giovanna/.local/share', 'GNOME_TERMINAL_SERVICE': ':1.113', 'XDG_CONFIG_HOME': '/home/giovanna/.config', 'XMODIFIERS': '@im=ibus', 'SSH_AGENT_LAUNCHER': 'gnome-keyring', 'SSH_AUTH_SOCK': '/run/user/1000/keyring/ssh', 'AMENT_PREFIX_PATH': '/opt/ros/humble', 'LC_NAME': 'pt_BR.UTF-8', 'SHELL': '/usr/bin/zsh', 'GDMSESSION': 'ubuntu', 'QT_ACCESSIBILITY': '1', 'LC_MEASUREMENT': 'pt_BR.UTF-8', 'LC_IDENTIFICATION': 'pt_BR.UTF-8', 'QT_IM_MODULE': 'ibus', 'SAVEHIST': '10000', 'PWD': '/home/giovanna/navigation/build/nav_pkg', 'XDG_DATA_DIRS': '/usr/local/share/:/usr/share/:/var/lib/snapd/desktop', 'KEYTIMEOUT': '1', 'LC_NUMERIC': 'pt_BR.UTF-8', 'PYTHONPATH': '/home/giovanna/navigation/build/nav_pkg/prefix_override:/home/giovanna/navigation/install/nav_pkg/lib/python3.10/site-packages:/opt/ros/humble/lib/python3.10/site-packages:/opt/ros/humble/local/lib/python3.10/dist-packages', 'HISTFILE': '/home/giovanna/.config/zsh/.zhistory', 'LC_PAPER': 'pt_BR.UTF-8', 'COLCON': '1', 'VTE_VERSION': '6800', 'EDITOR': 'nvim'}, 'shell': False}
[0.701828] (-) TimerEvent: {}
[0.791245] (nav_pkg) StdoutLine: {'line': b'running egg_info\n'}
[0.791598] (nav_pkg) StdoutLine: {'line': b'creating ../../build/nav_pkg/nav_pkg.egg-info\n'}
[0.791811] (nav_pkg) StdoutLine: {'line': b'writing ../../build/nav_pkg/nav_pkg.egg-info/PKG-INFO\n'}
[0.791906] (nav_pkg) StdoutLine: {'line': b'writing dependency_links to ../../build/nav_pkg/nav_pkg.egg-info/dependency_links.txt\n'}
[0.792065] (nav_pkg) StdoutLine: {'line': b'writing entry points to ../../build/nav_pkg/nav_pkg.egg-info/entry_points.txt\n'}
[0.792140] (nav_pkg) StdoutLine: {'line': b'writing requirements to ../../build/nav_pkg/nav_pkg.egg-info/requires.txt\n'}
[0.792183] (nav_pkg) StdoutLine: {'line': b'writing top-level names to ../../build/nav_pkg/nav_pkg.egg-info/top_level.txt\n'}
[0.792247] (nav_pkg) StdoutLine: {'line': b"writing manifest file '../../build/nav_pkg/nav_pkg.egg-info/SOURCES.txt'\n"}
[0.793191] (nav_pkg) StdoutLine: {'line': b"reading manifest file '../../build/nav_pkg/nav_pkg.egg-info/SOURCES.txt'\n"}
[0.793593] (nav_pkg) StdoutLine: {'line': b"writing manifest file '../../build/nav_pkg/nav_pkg.egg-info/SOURCES.txt'\n"}
[0.793668] (nav_pkg) StdoutLine: {'line': b'running build\n'}
[0.793708] (nav_pkg) StdoutLine: {'line': b'running build_py\n'}
[0.793774] (nav_pkg) StdoutLine: {'line': b'creating /home/giovanna/navigation/build/nav_pkg/build\n'}
[0.793826] (nav_pkg) StdoutLine: {'line': b'creating /home/giovanna/navigation/build/nav_pkg/build/lib\n'}
[0.793885] (nav_pkg) StdoutLine: {'line': b'creating /home/giovanna/navigation/build/nav_pkg/build/lib/nav_pkg\n'}
[0.793923] (nav_pkg) StdoutLine: {'line': b'copying nav_pkg/__init__.py -> /home/giovanna/navigation/build/nav_pkg/build/lib/nav_pkg\n'}
[0.793987] (nav_pkg) StdoutLine: {'line': b'copying nav_pkg/navigation.py -> /home/giovanna/navigation/build/nav_pkg/build/lib/nav_pkg\n'}
[0.794040] (nav_pkg) StdoutLine: {'line': b'running install\n'}
[0.795415] (nav_pkg) StderrLine: {'line': b'/usr/lib/python3/dist-packages/setuptools/command/install.py:34: SetuptoolsDeprecationWarning: setup.py install is deprecated. Use build and pip and other standards-based tools.\n'}
[0.795503] (nav_pkg) StderrLine: {'line': b'  warnings.warn(\n'}
[0.795706] (nav_pkg) StdoutLine: {'line': b'running install_lib\n'}
[0.796172] (nav_pkg) StdoutLine: {'line': b'creating /home/giovanna/navigation/install/nav_pkg/lib/python3.10/site-packages/nav_pkg\n'}
[0.796211] (nav_pkg) StdoutLine: {'line': b'copying /home/giovanna/navigation/build/nav_pkg/build/lib/nav_pkg/__init__.py -> /home/giovanna/navigation/install/nav_pkg/lib/python3.10/site-packages/nav_pkg\n'}
[0.796248] (nav_pkg) StdoutLine: {'line': b'copying /home/giovanna/navigation/build/nav_pkg/build/lib/nav_pkg/navigation.py -> /home/giovanna/navigation/install/nav_pkg/lib/python3.10/site-packages/nav_pkg\n'}
[0.796549] (nav_pkg) StdoutLine: {'line': b'byte-compiling /home/giovanna/navigation/install/nav_pkg/lib/python3.10/site-packages/nav_pkg/__init__.py to __init__.cpython-310.pyc\n'}
[0.796642] (nav_pkg) StdoutLine: {'line': b'byte-compiling /home/giovanna/navigation/install/nav_pkg/lib/python3.10/site-packages/nav_pkg/navigation.py to navigation.cpython-310.pyc\n'}
[0.796926] (nav_pkg) StdoutLine: {'line': b'running install_data\n'}
[0.797342] (nav_pkg) StdoutLine: {'line': b'creating /home/giovanna/navigation/install/nav_pkg/share/ament_index\n'}
[0.797383] (nav_pkg) StdoutLine: {'line': b'creating /home/giovanna/navigation/install/nav_pkg/share/ament_index/resource_index\n'}
[0.797420] (nav_pkg) StdoutLine: {'line': b'creating /home/giovanna/navigation/install/nav_pkg/share/ament_index/resource_index/packages\n'}
[0.797458] (nav_pkg) StdoutLine: {'line': b'copying resource/nav_pkg -> /home/giovanna/navigation/install/nav_pkg/share/ament_index/resource_index/packages\n'}
[0.797514] (nav_pkg) StdoutLine: {'line': b'copying package.xml -> /home/giovanna/navigation/install/nav_pkg/share/nav_pkg\n'}
[0.797551] (nav_pkg) StdoutLine: {'line': b'running install_egg_info\n'}
[0.798537] (nav_pkg) StdoutLine: {'line': b'Copying ../../build/nav_pkg/nav_pkg.egg-info to /home/giovanna/navigation/install/nav_pkg/lib/python3.10/site-packages/nav_pkg-0.0.0-py3.10.egg-info\n'}
[0.798945] (nav_pkg) StdoutLine: {'line': b'running install_scripts\n'}
[0.801920] (-) TimerEvent: {}
[0.812257] (nav_pkg) StdoutLine: {'line': b'Installing nav_node script to /home/giovanna/navigation/install/nav_pkg/lib/nav_pkg\n'}
[0.812504] (nav_pkg) StdoutLine: {'line': b"writing list of installed files to '/home/giovanna/navigation/build/nav_pkg/install.log'\n"}
[0.828991] (nav_pkg) CommandEnded: {'returncode': 0}
[0.865793] (nav_pkg) JobEnded: {'identifier': 'nav_pkg', 'rc': 0}
[0.866287] (-) EventReactorShutdown: {}
