[0.544s] Invoking command in '/home/giovanna/navigation/src/nav_pkg': PYTHONPATH=/home/giovanna/navigation/build/nav_pkg/prefix_override:/home/giovanna/navigation/install/nav_pkg/lib/python3.10/site-packages:${PYTHONPATH} /usr/bin/python3 setup.py egg_info --egg-base ../../build/nav_pkg build --build-base /home/giovanna/navigation/build/nav_pkg/build install --record /home/giovanna/navigation/build/nav_pkg/install.log --single-version-externally-managed
[0.706s] running egg_info
[0.707s] writing ../../build/nav_pkg/nav_pkg.egg-info/PKG-INFO
[0.707s] writing dependency_links to ../../build/nav_pkg/nav_pkg.egg-info/dependency_links.txt
[0.707s] writing entry points to ../../build/nav_pkg/nav_pkg.egg-info/entry_points.txt
[0.708s] writing requirements to ../../build/nav_pkg/nav_pkg.egg-info/requires.txt
[0.708s] writing top-level names to ../../build/nav_pkg/nav_pkg.egg-info/top_level.txt
[0.710s] reading manifest file '../../build/nav_pkg/nav_pkg.egg-info/SOURCES.txt'
[0.712s] writing manifest file '../../build/nav_pkg/nav_pkg.egg-info/SOURCES.txt'
[0.712s] running build
[0.712s] running build_py
[0.712s] running install
[0.712s] /usr/lib/python3/dist-packages/setuptools/command/install.py:34: SetuptoolsDeprecationWarning: setup.py install is deprecated. Use build and pip and other standards-based tools.
[0.712s]   warnings.warn(
[0.712s] running install_lib
[0.714s] running install_data
[0.714s] running install_egg_info
[0.715s] removing '/home/giovanna/navigation/install/nav_pkg/lib/python3.10/site-packages/nav_pkg-0.0.0-py3.10.egg-info' (and everything under it)
[0.716s] Copying ../../build/nav_pkg/nav_pkg.egg-info to /home/giovanna/navigation/install/nav_pkg/lib/python3.10/site-packages/nav_pkg-0.0.0-py3.10.egg-info
[0.716s] running install_scripts
[0.733s] Installing nav_node script to /home/giovanna/navigation/install/nav_pkg/lib/nav_pkg
[0.733s] writing list of installed files to '/home/giovanna/navigation/build/nav_pkg/install.log'
[0.751s] Invoked command in '/home/giovanna/navigation/src/nav_pkg' returned '0': PYTHONPATH=/home/giovanna/navigation/build/nav_pkg/prefix_override:/home/giovanna/navigation/install/nav_pkg/lib/python3.10/site-packages:${PYTHONPATH} /usr/bin/python3 setup.py egg_info --egg-base ../../build/nav_pkg build --build-base /home/giovanna/navigation/build/nav_pkg/build install --record /home/giovanna/navigation/build/nav_pkg/install.log --single-version-externally-managed
