[0.773s] Invoking command in '/home/giovanna/navigation/src/nav_pkg': PYTHONPATH=/home/giovanna/navigation/build/nav_pkg/prefix_override:/home/giovanna/navigation/install/nav_pkg/lib/python3.10/site-packages:${PYTHONPATH} /usr/bin/python3 setup.py egg_info --egg-base ../../build/nav_pkg build --build-base /home/giovanna/navigation/build/nav_pkg/build install --record /home/giovanna/navigation/build/nav_pkg/install.log --single-version-externally-managed
[0.956s] running egg_info
[0.959s] writing ../../build/nav_pkg/nav_pkg.egg-info/PKG-INFO
[0.959s] writing dependency_links to ../../build/nav_pkg/nav_pkg.egg-info/dependency_links.txt
[0.959s] writing entry points to ../../build/nav_pkg/nav_pkg.egg-info/entry_points.txt
[0.960s] writing requirements to ../../build/nav_pkg/nav_pkg.egg-info/requires.txt
[0.960s] writing top-level names to ../../build/nav_pkg/nav_pkg.egg-info/top_level.txt
[0.961s] reading manifest file '../../build/nav_pkg/nav_pkg.egg-info/SOURCES.txt'
[0.967s] writing manifest file '../../build/nav_pkg/nav_pkg.egg-info/SOURCES.txt'
[0.967s] running build
[0.967s] running build_py
[0.967s] copying nav_pkg/input.py -> /home/giovanna/navigation/build/nav_pkg/build/lib/nav_pkg
[0.968s] copying nav_pkg/navigation.py -> /home/giovanna/navigation/build/nav_pkg/build/lib/nav_pkg
[0.968s] copying nav_pkg/initial_position.py -> /home/giovanna/navigation/build/nav_pkg/build/lib/nav_pkg
[0.968s] running install
[0.969s] /usr/lib/python3/dist-packages/setuptools/command/install.py:34: SetuptoolsDeprecationWarning: setup.py install is deprecated. Use build and pip and other standards-based tools.
[0.969s]   warnings.warn(
[0.969s] running install_lib
[0.970s] copying /home/giovanna/navigation/build/nav_pkg/build/lib/nav_pkg/input.py -> /home/giovanna/navigation/install/nav_pkg/lib/python3.10/site-packages/nav_pkg
[0.970s] copying /home/giovanna/navigation/build/nav_pkg/build/lib/nav_pkg/navigation.py -> /home/giovanna/navigation/install/nav_pkg/lib/python3.10/site-packages/nav_pkg
[0.970s] copying /home/giovanna/navigation/build/nav_pkg/build/lib/nav_pkg/initial_position.py -> /home/giovanna/navigation/install/nav_pkg/lib/python3.10/site-packages/nav_pkg
[0.971s] byte-compiling /home/giovanna/navigation/install/nav_pkg/lib/python3.10/site-packages/nav_pkg/input.py to input.cpython-310.pyc
[0.971s] byte-compiling /home/giovanna/navigation/install/nav_pkg/lib/python3.10/site-packages/nav_pkg/navigation.py to navigation.cpython-310.pyc
[0.971s] byte-compiling /home/giovanna/navigation/install/nav_pkg/lib/python3.10/site-packages/nav_pkg/initial_position.py to initial_position.cpython-310.pyc
[0.972s] running install_data
[0.972s] copying launch/nav_launch.py -> /home/giovanna/navigation/install/nav_pkg/share/nav_pkg/launch
[0.972s] running install_egg_info
[0.973s] removing '/home/giovanna/navigation/install/nav_pkg/lib/python3.10/site-packages/nav_pkg-0.0.0-py3.10.egg-info' (and everything under it)
[0.974s] Copying ../../build/nav_pkg/nav_pkg.egg-info to /home/giovanna/navigation/install/nav_pkg/lib/python3.10/site-packages/nav_pkg-0.0.0-py3.10.egg-info
[0.975s] running install_scripts
[0.993s] Installing initial_position script to /home/giovanna/navigation/install/nav_pkg/lib/nav_pkg
[0.993s] Installing input script to /home/giovanna/navigation/install/nav_pkg/lib/nav_pkg
[0.993s] Installing nav_node script to /home/giovanna/navigation/install/nav_pkg/lib/nav_pkg
[0.994s] writing list of installed files to '/home/giovanna/navigation/build/nav_pkg/install.log'
[1.020s] Invoked command in '/home/giovanna/navigation/src/nav_pkg' returned '0': PYTHONPATH=/home/giovanna/navigation/build/nav_pkg/prefix_override:/home/giovanna/navigation/install/nav_pkg/lib/python3.10/site-packages:${PYTHONPATH} /usr/bin/python3 setup.py egg_info --egg-base ../../build/nav_pkg build --build-base /home/giovanna/navigation/build/nav_pkg/build install --record /home/giovanna/navigation/build/nav_pkg/install.log --single-version-externally-managed
