running egg_info
writing ../../build/nav_pkg/nav_pkg.egg-info/PKG-INFO
writing dependency_links to ../../build/nav_pkg/nav_pkg.egg-info/dependency_links.txt
writing entry points to ../../build/nav_pkg/nav_pkg.egg-info/entry_points.txt
writing requirements to ../../build/nav_pkg/nav_pkg.egg-info/requires.txt
writing top-level names to ../../build/nav_pkg/nav_pkg.egg-info/top_level.txt
reading manifest file '../../build/nav_pkg/nav_pkg.egg-info/SOURCES.txt'
writing manifest file '../../build/nav_pkg/nav_pkg.egg-info/SOURCES.txt'
running build
running build_py
running install
/usr/lib/python3/dist-packages/setuptools/command/install.py:34: SetuptoolsDeprecationWarning: setup.py install is deprecated. Use build and pip and other standards-based tools.
  warnings.warn(
running install_lib
running install_data
creating /home/giovanna/navigation/install/nav_pkg/share/nav_pkg/launch
copying launch/nav_launch.py -> /home/giovanna/navigation/install/nav_pkg/share/nav_pkg/launch
running install_egg_info
removing '/home/giovanna/navigation/install/nav_pkg/lib/python3.10/site-packages/nav_pkg-0.0.0-py3.10.egg-info' (and everything under it)
Copying ../../build/nav_pkg/nav_pkg.egg-info to /home/giovanna/navigation/install/nav_pkg/lib/python3.10/site-packages/nav_pkg-0.0.0-py3.10.egg-info
running install_scripts
Installing initial_position script to /home/giovanna/navigation/install/nav_pkg/lib/nav_pkg
Installing nav_node script to /home/giovanna/navigation/install/nav_pkg/lib/nav_pkg
writing list of installed files to '/home/giovanna/navigation/build/nav_pkg/install.log'
