[0.000000] (-) TimerEvent: {}
[0.000109] (nav_pkg) JobQueued: {'identifier': 'nav_pkg', 'dependencies': OrderedDict()}
[0.000132] (nav_pkg) JobStarted: {'identifier': 'nav_pkg'}
[0.099533] (-) TimerEvent: {}
[0.199869] (-) TimerEvent: {}
[0.300217] (-) TimerEvent: {}
[0.400591] (-) TimerEvent: {}
[0.480200] (nav_pkg) Command: {'cmd': ['/usr/bin/python3', 'setup.py', 'egg_info', '--egg-base', '../../build/nav_pkg', 'build', '--build-base', '/home/giovanna/navigation/build/nav_pkg/build', 'install', '--record', '/home/giovanna/navigation/build/nav_pkg/install.log', '--single-version-externally-managed'], 'cwd': '/home/giovanna/navigation/src/nav_pkg', 'env': {'GJS_DEBUG_TOPICS': 'JS ERROR;JS LOG', 'LC_TIME': 'pt_BR.UTF-8', 'USER': 'giovanna', 'CMAKE_CXX_COMPILER': 'g++', 'XDG_SESSION_TYPE': 'wayland', 'GIT_ASKPASS': '/usr/share/code/resources/app/extensions/git/dist/askpass.sh', 'BROWSER': 'firefox', 'SHLVL': '1', 'XDG_CACHE_HOME': '/home/giovanna/.cache', 'LD_LIBRARY_PATH': '/usr/lib/x86_64-linux-gnu/gazebo-11/plugins:/opt/ros/humble/opt/rviz_ogre_vendor/lib:/opt/ros/humble/lib/x86_64-linux-gnu:/opt/ros/humble/lib', 'HOME': '/home/giovanna', 'FIREFOX_BACKUP_DIR': '/home/giovanna/Documents/.backup/Mozilla', 'OLDPWD': '/home/giovanna', 'CHROME_DESKTOP': 'code-url-handler.desktop', 'DESKTOP_SESSION': 'ubuntu', 'TERM_PROGRAM_VERSION': '1.84.1', 'XDG_DOCUMENTS_DIR': '/home/giovanna/Documents', 'GIO_LAUNCHED_DESKTOP_FILE': '/usr/share/applications/code.desktop', 'GTK_MODULES': 'gail:atk-bridge', 'GNOME_SHELL_SESSION_MODE': 'ubuntu', 'ROS_PYTHON_VERSION': '3', 'VSCODE_GIT_ASKPASS_MAIN': '/usr/share/code/resources/app/extensions/git/dist/askpass-main.js', 'LC_MONETARY': 'pt_BR.UTF-8', 'MANAGERPID': '884', 'VSCODE_GIT_ASKPASS_NODE': '/usr/share/code/code', 'SYSTEMD_EXEC_PID': '1093', 'DBUS_SESSION_BUS_ADDRESS': 'unix:path=/run/user/1000/bus', 'VISUAL': 'nvim', 'XDG_STATE_HOME': '/home/giovanna/.local/state', 'GIO_LAUNCHED_DESKTOP_FILE_PID': '2637', 'COLORTERM': 'truecolor', 'WAYLAND_DISPLAY': 'wayland-0', 'ROS_DISTRO': 'humble', 'COLCON_PREFIX_PATH': '/home/giovanna/navigation/install', 'LOGNAME': 'giovanna', '_': '/usr/bin/colcon', 'JOURNAL_STREAM': '8:21168', 'XDG_SESSION_CLASS': 'user', 'ROS_VERSION': '2', 'USER_ZDOTDIR': '/home/giovanna', 'USERNAME': 'giovanna', 'TERM': 'xterm-256color', 'GNOME_DESKTOP_SESSION_ID': 'this-is-deprecated', 'ROS_LOCALHOST_ONLY': '0', 'PATH': '/home/giovanna/bin:/home/giovanna/.local/bin:/opt/ros/humble/bin:/home/giovanna/bin:/home/giovanna/.local/bin:/home/giovanna/.cargo/bin:/home/giovanna/bin:/home/giovanna/.local/bin:/usr/local/sbin:/usr/local/bin:/usr/sbin:/usr/bin:/sbin:/bin:/usr/games:/usr/local/games:/snap/bin:/snap/bin', 'GNOME_BACKUP_DIR': '/home/giovanna/Documents/.backup/Gnome', 'SESSION_MANAGER': 'local/giovanna-5420:@/tmp/.ICE-unix/1042,unix/giovanna-5420:/tmp/.ICE-unix/1042', 'INVOCATION_ID': 'd7995d27ea334290b0c063ab507e5b17', 'LC_ADDRESS': 'pt_BR.UTF-8', 'XDG_RUNTIME_DIR': '/run/user/1000', 'XDG_MENU_PREFIX': 'gnome-', 'GNOME_SETUP_DISPLAY': ':1', 'GDK_BACKEND': 'x11', 'CMAKE_C_COMPILER': 'gcc', 'DISPLAY': ':0', 'LANG': 'en_US.UTF-8', 'LC_TELEPHONE': 'pt_BR.UTF-8', 'HISTSIZE': '10000', 'XDG_CURRENT_DESKTOP': 'Unity', 'VSCODE_INJECTION': '1', 'RMW_IMPLEMENTATION': 'rmw_cyclonedds_cpp', 'XDG_CONFIG_HOME': '/home/giovanna/.config', 'XDG_DATA_HOME': '/home/giovanna/.local/share', 'XDG_SESSION_DESKTOP': 'ubuntu', 'XMODIFIERS': '@im=ibus', 'XAUTHORITY': '/run/user/1000/.mutter-Xwaylandauth.JDL3D2', 'TERM_PROGRAM': 'vscode', 'VSCODE_GIT_IPC_HANDLE': '/run/user/1000/vscode-git-e7a470b0c8.sock', 'SSH_AGENT_LAUNCHER': 'gnome-keyring', 'SSH_AUTH_SOCK': '/run/user/1000/keyring/ssh', 'ORIGINAL_XDG_CURRENT_DESKTOP': 'ubuntu:GNOME', 'AMENT_PREFIX_PATH': '/home/giovanna/navigation/install/nav_pkg:/opt/ros/humble', 'LC_NAME': 'pt_BR.UTF-8', 'SHELL': '/usr/bin/zsh', 'QT_ACCESSIBILITY': '1', 'GDMSESSION': 'ubuntu', 'LC_MEASUREMENT': 'pt_BR.UTF-8', 'LC_IDENTIFICATION': 'pt_BR.UTF-8', 'GJS_DEBUG_OUTPUT': 'stderr', 'QT_IM_MODULE': 'ibus', 'SAVEHIST': '10000', 'VSCODE_GIT_ASKPASS_EXTRA_ARGS': '--ms-enable-electron-run-as-node', 'VSCODE_NONCE': '8ccbbed3-aca7-4979-af10-bba9f01da72e', 'PWD': '/home/giovanna/navigation/build/nav_pkg', 'TURTLEBOT3_MODEL': 'burger', 'XDG_DATA_DIRS': '/usr/local/share/:/usr/share/:/var/lib/snapd/desktop', 'KEYTIMEOUT': '1', 'ZDOTDIR': '/home/giovanna/.config/zsh', 'LC_NUMERIC': 'pt_BR.UTF-8', 'PYTHONPATH': '/home/giovanna/navigation/build/nav_pkg/prefix_override:/home/giovanna/navigation/install/nav_pkg/lib/python3.10/site-packages:/home/giovanna/navigation/install/nav_pkg/lib/python3.10/site-packages:/opt/ros/humble/lib/python3.10/site-packages:/opt/ros/humble/local/lib/python3.10/dist-packages', 'LC_PAPER': 'pt_BR.UTF-8', 'HISTFILE': '/home/giovanna/.config/zsh/.zhistory', 'COLCON': '1', 'EDITOR': 'nvim'}, 'shell': False}
[0.500699] (-) TimerEvent: {}
[0.601041] (-) TimerEvent: {}
[0.629168] (nav_pkg) StdoutLine: {'line': b'running egg_info\n'}
[0.629837] (nav_pkg) StdoutLine: {'line': b'writing ../../build/nav_pkg/nav_pkg.egg-info/PKG-INFO\n'}
[0.630572] (nav_pkg) StdoutLine: {'line': b'writing dependency_links to ../../build/nav_pkg/nav_pkg.egg-info/dependency_links.txt\n'}
[0.630793] (nav_pkg) StdoutLine: {'line': b'writing entry points to ../../build/nav_pkg/nav_pkg.egg-info/entry_points.txt\n'}
[0.630895] (nav_pkg) StdoutLine: {'line': b'writing requirements to ../../build/nav_pkg/nav_pkg.egg-info/requires.txt\n'}
[0.631079] (nav_pkg) StdoutLine: {'line': b'writing top-level names to ../../build/nav_pkg/nav_pkg.egg-info/top_level.txt\n'}
[0.632317] (nav_pkg) StdoutLine: {'line': b"reading manifest file '../../build/nav_pkg/nav_pkg.egg-info/SOURCES.txt'\n"}
[0.632820] (nav_pkg) StdoutLine: {'line': b"writing manifest file '../../build/nav_pkg/nav_pkg.egg-info/SOURCES.txt'\n"}
[0.632888] (nav_pkg) StdoutLine: {'line': b'running build\n'}
[0.632947] (nav_pkg) StdoutLine: {'line': b'running build_py\n'}
[0.633102] (nav_pkg) StdoutLine: {'line': b'running install\n'}
[0.633243] (nav_pkg) StderrLine: {'line': b'/usr/lib/python3/dist-packages/setuptools/command/install.py:34: SetuptoolsDeprecationWarning: setup.py install is deprecated. Use build and pip and other standards-based tools.\n'}
[0.633378] (nav_pkg) StderrLine: {'line': b'  warnings.warn(\n'}
[0.633487] (nav_pkg) StdoutLine: {'line': b'running install_lib\n'}
[0.634492] (nav_pkg) StdoutLine: {'line': b'running install_data\n'}
[0.634914] (nav_pkg) StdoutLine: {'line': b'copying launch/nav_launch.py -> /home/giovanna/navigation/install/nav_pkg/share/nav_pkg/launch\n'}
[0.634984] (nav_pkg) StdoutLine: {'line': b'running install_egg_info\n'}
[0.636185] (nav_pkg) StdoutLine: {'line': b"removing '/home/giovanna/navigation/install/nav_pkg/lib/python3.10/site-packages/nav_pkg-0.0.0-py3.10.egg-info' (and everything under it)\n"}
[0.636379] (nav_pkg) StdoutLine: {'line': b'Copying ../../build/nav_pkg/nav_pkg.egg-info to /home/giovanna/navigation/install/nav_pkg/lib/python3.10/site-packages/nav_pkg-0.0.0-py3.10.egg-info\n'}
[0.636883] (nav_pkg) StdoutLine: {'line': b'running install_scripts\n'}
[0.650549] (nav_pkg) StdoutLine: {'line': b'Installing initial_position script to /home/giovanna/navigation/install/nav_pkg/lib/nav_pkg\n'}
[0.650740] (nav_pkg) StdoutLine: {'line': b'Installing nav_node script to /home/giovanna/navigation/install/nav_pkg/lib/nav_pkg\n'}
[0.650857] (nav_pkg) StdoutLine: {'line': b"writing list of installed files to '/home/giovanna/navigation/build/nav_pkg/install.log'\n"}
[0.668114] (nav_pkg) CommandEnded: {'returncode': 0}
[0.700280] (nav_pkg) JobEnded: {'identifier': 'nav_pkg', 'rc': 0}
[0.700791] (-) EventReactorShutdown: {}
