[0.000000] (-) TimerEvent: {}
[0.000370] (nav_pkg) JobQueued: {'identifier': 'nav_pkg', 'dependencies': OrderedDict()}
[0.000411] (nav_pkg) JobStarted: {'identifier': 'nav_pkg'}
[0.099690] (-) TimerEvent: {}
[0.199903] (-) TimerEvent: {}
[0.300128] (-) TimerEvent: {}
[0.400368] (-) TimerEvent: {}
[0.500594] (-) TimerEvent: {}
[0.554836] (nav_pkg) Command: {'cmd': ['/usr/bin/python3', 'setup.py', 'egg_info', '--egg-base', '../../build/nav_pkg', 'build', '--build-base', '/home/giovanna/navigation/build/nav_pkg/build', 'install', '--record', '/home/giovanna/navigation/build/nav_pkg/install.log', '--single-version-externally-managed'], 'cwd': '/home/giovanna/navigation/src/nav_pkg', 'env': {'USER': 'giovanna', 'LC_TIME': 'pt_BR.UTF-8', 'XDG_SESSION_TYPE': 'wayland', 'CMAKE_CXX_COMPILER': 'g++', 'BROWSER': 'firefox', 'XDG_CACHE_HOME': '/home/giovanna/.cache', 'SHLVL': '1', 'LD_LIBRARY_PATH': '/usr/lib/x86_64-linux-gnu/gazebo-11/plugins:/opt/ros/humble/opt/rviz_ogre_vendor/lib:/opt/ros/humble/lib/x86_64-linux-gnu:/opt/ros/humble/lib', 'HOME': '/home/giovanna', 'FIREFOX_BACKUP_DIR': '/home/giovanna/Documents/.backup/Mozilla', 'OLDPWD': '/home/giovanna', 'DESKTOP_SESSION': 'ubuntu', 'XDG_DOCUMENTS_DIR': '/home/giovanna/Documents', 'GTK_MODULES': 'gail:atk-bridge', 'GNOME_SHELL_SESSION_MODE': 'ubuntu', 'ROS_PYTHON_VERSION': '3', 'LC_MONETARY': 'pt_BR.UTF-8', 'XDG_STATE_HOME': '/home/giovanna/.local/state', 'VISUAL': 'nvim', 'SYSTEMD_EXEC_PID': '3010', 'DBUS_SESSION_BUS_ADDRESS': 'unix:path=/run/user/1000/bus', 'COLORTERM': 'truecolor', 'WAYLAND_DISPLAY': 'wayland-0', 'ROS_DISTRO': 'humble', 'COLCON_PREFIX_PATH': '/home/giovanna/navigation/install', 'LOGNAME': 'giovanna', '_': '/usr/bin/colcon', 'XDG_SESSION_CLASS': 'user', 'ROS_VERSION': '2', 'USERNAME': 'giovanna', 'TERM': 'xterm-256color', 'GNOME_DESKTOP_SESSION_ID': 'this-is-deprecated', 'ROS_LOCALHOST_ONLY': '0', 'PATH': '/opt/ros/humble/bin:/home/giovanna/bin:/home/giovanna/.local/bin:/home/giovanna/.cargo/bin:/home/giovanna/bin:/home/giovanna/.local/bin:/usr/local/sbin:/usr/local/bin:/usr/sbin:/usr/bin:/sbin:/bin:/usr/games:/usr/local/games:/snap/bin:/snap/bin', 'SESSION_MANAGER': 'local/giovanna-5420:@/tmp/.ICE-unix/1060,unix/giovanna-5420:/tmp/.ICE-unix/1060', 'GNOME_BACKUP_DIR': '/home/giovanna/Documents/.backup/Gnome', 'GNOME_SETUP_DISPLAY': ':1', 'XDG_RUNTIME_DIR': '/run/user/1000', 'LC_ADDRESS': 'pt_BR.UTF-8', 'GNOME_TERMINAL_SCREEN': '/org/gnome/Terminal/screen/e935b269_cc18_4ce8_bcbf_75e6117c7b00', 'XDG_MENU_PREFIX': 'gnome-', 'DISPLAY': ':0', 'CMAKE_C_COMPILER': 'gcc', 'LC_TELEPHONE': 'pt_BR.UTF-8', 'LANG': 'en_US.UTF-8', 'XDG_CURRENT_DESKTOP': 'ubuntu:GNOME', 'HISTSIZE': '10000', 'RMW_IMPLEMENTATION': 'rmw_cyclonedds_cpp', 'XAUTHORITY': '/run/user/1000/.mutter-Xwaylandauth.HHAOD2', 'XDG_SESSION_DESKTOP': 'ubuntu', 'XDG_DATA_HOME': '/home/giovanna/.local/share', 'GNOME_TERMINAL_SERVICE': ':1.100', 'XDG_CONFIG_HOME': '/home/giovanna/.config', 'XMODIFIERS': '@im=ibus', 'SSH_AGENT_LAUNCHER': 'gnome-keyring', 'SSH_AUTH_SOCK': '/run/user/1000/keyring/ssh', 'AMENT_PREFIX_PATH': '/home/giovanna/navigation/install/nav_pkg:/opt/ros/humble', 'ROS_DOMAIN_ID': '5', 'LC_NAME': 'pt_BR.UTF-8', 'SHELL': '/usr/bin/zsh', 'GDMSESSION': 'ubuntu', 'QT_ACCESSIBILITY': '1', 'LC_MEASUREMENT': 'pt_BR.UTF-8', 'LC_IDENTIFICATION': 'pt_BR.UTF-8', 'QT_IM_MODULE': 'ibus', 'SAVEHIST': '10000', 'PWD': '/home/giovanna/navigation/build/nav_pkg', 'TURTLEBOT3_MODEL': 'burger', 'XDG_DATA_DIRS': '/usr/local/share/:/usr/share/:/var/lib/snapd/desktop', 'KEYTIMEOUT': '1', 'LC_NUMERIC': 'pt_BR.UTF-8', 'PYTHONPATH': '/home/giovanna/navigation/build/nav_pkg/prefix_override:/home/giovanna/navigation/install/nav_pkg/lib/python3.10/site-packages:/home/giovanna/navigation/install/nav_pkg/lib/python3.10/site-packages:/opt/ros/humble/lib/python3.10/site-packages:/opt/ros/humble/local/lib/python3.10/dist-packages', 'HISTFILE': '/home/giovanna/.config/zsh/.zhistory', 'LC_PAPER': 'pt_BR.UTF-8', 'COLCON': '1', 'VTE_VERSION': '6800', 'EDITOR': 'nvim'}, 'shell': False}
[0.600704] (-) TimerEvent: {}
[0.700918] (-) TimerEvent: {}
[0.726013] (nav_pkg) StdoutLine: {'line': b'running egg_info\n'}
[0.726623] (nav_pkg) StdoutLine: {'line': b'writing ../../build/nav_pkg/nav_pkg.egg-info/PKG-INFO\n'}
[0.727460] (nav_pkg) StdoutLine: {'line': b'writing dependency_links to ../../build/nav_pkg/nav_pkg.egg-info/dependency_links.txt\n'}
[0.727660] (nav_pkg) StdoutLine: {'line': b'writing entry points to ../../build/nav_pkg/nav_pkg.egg-info/entry_points.txt\n'}
[0.727762] (nav_pkg) StdoutLine: {'line': b'writing requirements to ../../build/nav_pkg/nav_pkg.egg-info/requires.txt\n'}
[0.727819] (nav_pkg) StdoutLine: {'line': b'writing top-level names to ../../build/nav_pkg/nav_pkg.egg-info/top_level.txt\n'}
[0.729309] (nav_pkg) StdoutLine: {'line': b"reading manifest file '../../build/nav_pkg/nav_pkg.egg-info/SOURCES.txt'\n"}
[0.729888] (nav_pkg) StdoutLine: {'line': b"writing manifest file '../../build/nav_pkg/nav_pkg.egg-info/SOURCES.txt'\n"}
[0.729998] (nav_pkg) StdoutLine: {'line': b'running build\n'}
[0.730039] (nav_pkg) StdoutLine: {'line': b'running build_py\n'}
[0.730175] (nav_pkg) StdoutLine: {'line': b'running install\n'}
[0.730274] (nav_pkg) StderrLine: {'line': b'/usr/lib/python3/dist-packages/setuptools/command/install.py:34: SetuptoolsDeprecationWarning: setup.py install is deprecated. Use build and pip and other standards-based tools.\n'}
[0.730360] (nav_pkg) StderrLine: {'line': b'  warnings.warn(\n'}
[0.730526] (nav_pkg) StdoutLine: {'line': b'running install_lib\n'}
[0.731612] (nav_pkg) StdoutLine: {'line': b'running install_data\n'}
[0.731975] (nav_pkg) StdoutLine: {'line': b'copying launch/nav_launch.py -> /home/giovanna/navigation/install/nav_pkg/share/nav_pkg/launch\n'}
[0.732109] (nav_pkg) StdoutLine: {'line': b'running install_egg_info\n'}
[0.733662] (nav_pkg) StdoutLine: {'line': b"removing '/home/giovanna/navigation/install/nav_pkg/lib/python3.10/site-packages/nav_pkg-0.0.0-py3.10.egg-info' (and everything under it)\n"}
[0.733815] (nav_pkg) StdoutLine: {'line': b'Copying ../../build/nav_pkg/nav_pkg.egg-info to /home/giovanna/navigation/install/nav_pkg/lib/python3.10/site-packages/nav_pkg-0.0.0-py3.10.egg-info\n'}
[0.734411] (nav_pkg) StdoutLine: {'line': b'running install_scripts\n'}
[0.751545] (nav_pkg) StdoutLine: {'line': b'Installing initial_position script to /home/giovanna/navigation/install/nav_pkg/lib/nav_pkg\n'}
[0.751729] (nav_pkg) StdoutLine: {'line': b'Installing input script to /home/giovanna/navigation/install/nav_pkg/lib/nav_pkg\n'}
[0.751822] (nav_pkg) StdoutLine: {'line': b'Installing nav_node script to /home/giovanna/navigation/install/nav_pkg/lib/nav_pkg\n'}
[0.751913] (nav_pkg) StdoutLine: {'line': b"writing list of installed files to '/home/giovanna/navigation/build/nav_pkg/install.log'\n"}
[0.776270] (nav_pkg) CommandEnded: {'returncode': 0}
[0.801186] (-) TimerEvent: {}
[0.817155] (nav_pkg) JobEnded: {'identifier': 'nav_pkg', 'rc': 0}
[0.817714] (-) EventReactorShutdown: {}
