[0.697s] Invoking command in '/home/giovanna/navigation/src/nav_pkg': PYTHONPATH=/home/giovanna/navigation/build/nav_pkg/prefix_override:/home/giovanna/navigation/install/nav_pkg/lib/python3.10/site-packages:${PYTHONPATH} /usr/bin/python3 setup.py egg_info --egg-base ../../build/nav_pkg build --build-base /home/giovanna/navigation/build/nav_pkg/build install --record /home/giovanna/navigation/build/nav_pkg/install.log --single-version-externally-managed
[0.838s] running egg_info
[0.839s] writing ../../build/nav_pkg/nav_pkg.egg-info/PKG-INFO
[0.840s] writing dependency_links to ../../build/nav_pkg/nav_pkg.egg-info/dependency_links.txt
[0.840s] writing entry points to ../../build/nav_pkg/nav_pkg.egg-info/entry_points.txt
[0.840s] writing requirements to ../../build/nav_pkg/nav_pkg.egg-info/requires.txt
[0.840s] writing top-level names to ../../build/nav_pkg/nav_pkg.egg-info/top_level.txt
[0.845s] reading manifest file '../../build/nav_pkg/nav_pkg.egg-info/SOURCES.txt'
[0.848s] writing manifest file '../../build/nav_pkg/nav_pkg.egg-info/SOURCES.txt'
[0.848s] running build
[0.848s] running build_py
[0.849s] running install
[0.850s] /usr/lib/python3/dist-packages/setuptools/command/install.py:34: SetuptoolsDeprecationWarning: setup.py install is deprecated. Use build and pip and other standards-based tools.
[0.850s]   warnings.warn(
[0.850s] running install_lib
[0.851s] running install_data
[0.853s] running install_egg_info
[0.854s] removing '/home/giovanna/navigation/install/nav_pkg/lib/python3.10/site-packages/nav_pkg-0.0.0-py3.10.egg-info' (and everything under it)
[0.854s] Copying ../../build/nav_pkg/nav_pkg.egg-info to /home/giovanna/navigation/install/nav_pkg/lib/python3.10/site-packages/nav_pkg-0.0.0-py3.10.egg-info
[0.855s] running install_scripts
[0.869s] Installing initial_position script to /home/giovanna/navigation/install/nav_pkg/lib/nav_pkg
[0.870s] Installing nav_node script to /home/giovanna/navigation/install/nav_pkg/lib/nav_pkg
[0.870s] writing list of installed files to '/home/giovanna/navigation/build/nav_pkg/install.log'
[0.887s] Invoked command in '/home/giovanna/navigation/src/nav_pkg' returned '0': PYTHONPATH=/home/giovanna/navigation/build/nav_pkg/prefix_override:/home/giovanna/navigation/install/nav_pkg/lib/python3.10/site-packages:${PYTHONPATH} /usr/bin/python3 setup.py egg_info --egg-base ../../build/nav_pkg build --build-base /home/giovanna/navigation/build/nav_pkg/build install --record /home/giovanna/navigation/build/nav_pkg/install.log --single-version-externally-managed
