[0.814s] Invoking command in '/home/giovanna/navigation/src/nav_pkg': PYTHONPATH=/home/giovanna/navigation/build/nav_pkg/prefix_override:/home/giovanna/navigation/install/nav_pkg/lib/python3.10/site-packages:${PYTHONPATH} /usr/bin/python3 setup.py egg_info --egg-base ../../build/nav_pkg build --build-base /home/giovanna/navigation/build/nav_pkg/build install --record /home/giovanna/navigation/build/nav_pkg/install.log --single-version-externally-managed
[0.988s] running egg_info
[0.989s] writing ../../build/nav_pkg/nav_pkg.egg-info/PKG-INFO
[0.990s] writing dependency_links to ../../build/nav_pkg/nav_pkg.egg-info/dependency_links.txt
[0.990s] writing entry points to ../../build/nav_pkg/nav_pkg.egg-info/entry_points.txt
[0.990s] writing requirements to ../../build/nav_pkg/nav_pkg.egg-info/requires.txt
[0.990s] writing top-level names to ../../build/nav_pkg/nav_pkg.egg-info/top_level.txt
[0.992s] reading manifest file '../../build/nav_pkg/nav_pkg.egg-info/SOURCES.txt'
[0.993s] writing manifest file '../../build/nav_pkg/nav_pkg.egg-info/SOURCES.txt'
[0.993s] running build
[0.993s] running build_py
[0.994s] running install
[0.995s] /usr/lib/python3/dist-packages/setuptools/command/install.py:34: SetuptoolsDeprecationWarning: setup.py install is deprecated. Use build and pip and other standards-based tools.
[0.995s]   warnings.warn(
[0.995s] running install_lib
[0.997s] running install_data
[0.998s] running install_egg_info
[0.999s] removing '/home/giovanna/navigation/install/nav_pkg/lib/python3.10/site-packages/nav_pkg-0.0.0-py3.10.egg-info' (and everything under it)
[0.999s] Copying ../../build/nav_pkg/nav_pkg.egg-info to /home/giovanna/navigation/install/nav_pkg/lib/python3.10/site-packages/nav_pkg-0.0.0-py3.10.egg-info
[1.000s] running install_scripts
[1.017s] Installing initial_position script to /home/giovanna/navigation/install/nav_pkg/lib/nav_pkg
[1.018s] Installing nav_node script to /home/giovanna/navigation/install/nav_pkg/lib/nav_pkg
[1.019s] writing list of installed files to '/home/giovanna/navigation/build/nav_pkg/install.log'
[1.042s] Invoked command in '/home/giovanna/navigation/src/nav_pkg' returned '0': PYTHONPATH=/home/giovanna/navigation/build/nav_pkg/prefix_override:/home/giovanna/navigation/install/nav_pkg/lib/python3.10/site-packages:${PYTHONPATH} /usr/bin/python3 setup.py egg_info --egg-base ../../build/nav_pkg build --build-base /home/giovanna/navigation/build/nav_pkg/build install --record /home/giovanna/navigation/build/nav_pkg/install.log --single-version-externally-managed
