/home/giovanna/navigation/install/nav_pkg/lib/python3.10/site-packages/nav_pkg/__init__.py
/home/giovanna/navigation/install/nav_pkg/lib/python3.10/site-packages/nav_pkg/input.py
/home/giovanna/navigation/install/nav_pkg/lib/python3.10/site-packages/nav_pkg/navigation.py
/home/giovanna/navigation/install/nav_pkg/lib/python3.10/site-packages/nav_pkg/initial_position.py
/home/giovanna/navigation/install/nav_pkg/lib/python3.10/site-packages/nav_pkg/__pycache__/__init__.cpython-310.pyc
/home/giovanna/navigation/install/nav_pkg/lib/python3.10/site-packages/nav_pkg/__pycache__/input.cpython-310.pyc
/home/giovanna/navigation/install/nav_pkg/lib/python3.10/site-packages/nav_pkg/__pycache__/navigation.cpython-310.pyc
/home/giovanna/navigation/install/nav_pkg/lib/python3.10/site-packages/nav_pkg/__pycache__/initial_position.cpython-310.pyc
/home/giovanna/navigation/install/nav_pkg/share/ament_index/resource_index/packages/nav_pkg
/home/giovanna/navigation/install/nav_pkg/share/nav_pkg/package.xml
/home/giovanna/navigation/install/nav_pkg/share/nav_pkg/launch/nav_launch.py
/home/giovanna/navigation/install/nav_pkg/lib/python3.10/site-packages/nav_pkg-0.0.0-py3.10.egg-info/requires.txt
/home/giovanna/navigation/install/nav_pkg/lib/python3.10/site-packages/nav_pkg-0.0.0-py3.10.egg-info/entry_points.txt
/home/giovanna/navigation/install/nav_pkg/lib/python3.10/site-packages/nav_pkg-0.0.0-py3.10.egg-info/dependency_links.txt
/home/giovanna/navigation/install/nav_pkg/lib/python3.10/site-packages/nav_pkg-0.0.0-py3.10.egg-info/SOURCES.txt
/home/giovanna/navigation/install/nav_pkg/lib/python3.10/site-packages/nav_pkg-0.0.0-py3.10.egg-info/zip-safe
/home/giovanna/navigation/install/nav_pkg/lib/python3.10/site-packages/nav_pkg-0.0.0-py3.10.egg-info/PKG-INFO
/home/giovanna/navigation/install/nav_pkg/lib/python3.10/site-packages/nav_pkg-0.0.0-py3.10.egg-info/top_level.txt
/home/giovanna/navigation/install/nav_pkg/lib/nav_pkg/initial_position
/home/giovanna/navigation/install/nav_pkg/lib/nav_pkg/input
/home/giovanna/navigation/install/nav_pkg/lib/nav_pkg/nav_node
