[1.205s] Invoking command in '/home/giovanna/navigation/src/nav_pkg': PYTHONPATH=/home/giovanna/navigation/build/nav_pkg/prefix_override:/home/giovanna/navigation/install/nav_pkg/lib/python3.10/site-packages:${PYTHONPATH} /usr/bin/python3 setup.py egg_info --egg-base ../../build/nav_pkg build --build-base /home/giovanna/navigation/build/nav_pkg/build install --record /home/giovanna/navigation/build/nav_pkg/install.log --single-version-externally-managed
[1.599s] running egg_info
[1.601s] writing ../../build/nav_pkg/nav_pkg.egg-info/PKG-INFO
[1.601s] writing dependency_links to ../../build/nav_pkg/nav_pkg.egg-info/dependency_links.txt
[1.602s] writing entry points to ../../build/nav_pkg/nav_pkg.egg-info/entry_points.txt
[1.602s] writing requirements to ../../build/nav_pkg/nav_pkg.egg-info/requires.txt
[1.602s] writing top-level names to ../../build/nav_pkg/nav_pkg.egg-info/top_level.txt
[1.606s] reading manifest file '../../build/nav_pkg/nav_pkg.egg-info/SOURCES.txt'
[1.608s] writing manifest file '../../build/nav_pkg/nav_pkg.egg-info/SOURCES.txt'
[1.608s] running build
[1.608s] running build_py
[1.609s] running install
[1.610s] /usr/lib/python3/dist-packages/setuptools/command/install.py:34: SetuptoolsDeprecationWarning: setup.py install is deprecated. Use build and pip and other standards-based tools.
[1.610s]   warnings.warn(
[1.610s] running install_lib
[1.613s] running install_data
[1.615s] copying launch/nav_launch.py -> /home/giovanna/navigation/install/nav_pkg/share/nav_pkg/launch
[1.615s] running install_egg_info
[1.619s] removing '/home/giovanna/navigation/install/nav_pkg/lib/python3.10/site-packages/nav_pkg-0.0.0-py3.10.egg-info' (and everything under it)
[1.619s] Copying ../../build/nav_pkg/nav_pkg.egg-info to /home/giovanna/navigation/install/nav_pkg/lib/python3.10/site-packages/nav_pkg-0.0.0-py3.10.egg-info
[1.621s] running install_scripts
[1.661s] Installing initial_position script to /home/giovanna/navigation/install/nav_pkg/lib/nav_pkg
[1.661s] Installing nav_node script to /home/giovanna/navigation/install/nav_pkg/lib/nav_pkg
[1.661s] writing list of installed files to '/home/giovanna/navigation/build/nav_pkg/install.log'
[1.701s] Invoked command in '/home/giovanna/navigation/src/nav_pkg' returned '0': PYTHONPATH=/home/giovanna/navigation/build/nav_pkg/prefix_override:/home/giovanna/navigation/install/nav_pkg/lib/python3.10/site-packages:${PYTHONPATH} /usr/bin/python3 setup.py egg_info --egg-base ../../build/nav_pkg build --build-base /home/giovanna/navigation/build/nav_pkg/build install --record /home/giovanna/navigation/build/nav_pkg/install.log --single-version-externally-managed
