[0.652s] Invoking command in '/home/giovanna/navigation/src/nav_pkg': PYTHONPATH=/home/giovanna/navigation/build/nav_pkg/prefix_override:/home/giovanna/navigation/install/nav_pkg/lib/python3.10/site-packages:${PYTHONPATH} /usr/bin/python3 setup.py egg_info --egg-base ../../build/nav_pkg build --build-base /home/giovanna/navigation/build/nav_pkg/build install --record /home/giovanna/navigation/build/nav_pkg/install.log --single-version-externally-managed
[0.790s] running egg_info
[0.791s] creating ../../build/nav_pkg/nav_pkg.egg-info
[0.791s] writing ../../build/nav_pkg/nav_pkg.egg-info/PKG-INFO
[0.791s] writing dependency_links to ../../build/nav_pkg/nav_pkg.egg-info/dependency_links.txt
[0.791s] writing entry points to ../../build/nav_pkg/nav_pkg.egg-info/entry_points.txt
[0.791s] writing requirements to ../../build/nav_pkg/nav_pkg.egg-info/requires.txt
[0.791s] writing top-level names to ../../build/nav_pkg/nav_pkg.egg-info/top_level.txt
[0.791s] writing manifest file '../../build/nav_pkg/nav_pkg.egg-info/SOURCES.txt'
[0.792s] reading manifest file '../../build/nav_pkg/nav_pkg.egg-info/SOURCES.txt'
[0.793s] writing manifest file '../../build/nav_pkg/nav_pkg.egg-info/SOURCES.txt'
[0.793s] running build
[0.793s] running build_py
[0.793s] creating /home/giovanna/navigation/build/nav_pkg/build
[0.793s] creating /home/giovanna/navigation/build/nav_pkg/build/lib
[0.793s] creating /home/giovanna/navigation/build/nav_pkg/build/lib/nav_pkg
[0.793s] copying nav_pkg/__init__.py -> /home/giovanna/navigation/build/nav_pkg/build/lib/nav_pkg
[0.793s] copying nav_pkg/navigation.py -> /home/giovanna/navigation/build/nav_pkg/build/lib/nav_pkg
[0.793s] running install
[0.795s] /usr/lib/python3/dist-packages/setuptools/command/install.py:34: SetuptoolsDeprecationWarning: setup.py install is deprecated. Use build and pip and other standards-based tools.
[0.795s]   warnings.warn(
[0.795s] running install_lib
[0.795s] creating /home/giovanna/navigation/install/nav_pkg/lib/python3.10/site-packages/nav_pkg
[0.795s] copying /home/giovanna/navigation/build/nav_pkg/build/lib/nav_pkg/__init__.py -> /home/giovanna/navigation/install/nav_pkg/lib/python3.10/site-packages/nav_pkg
[0.795s] copying /home/giovanna/navigation/build/nav_pkg/build/lib/nav_pkg/navigation.py -> /home/giovanna/navigation/install/nav_pkg/lib/python3.10/site-packages/nav_pkg
[0.796s] byte-compiling /home/giovanna/navigation/install/nav_pkg/lib/python3.10/site-packages/nav_pkg/__init__.py to __init__.cpython-310.pyc
[0.796s] byte-compiling /home/giovanna/navigation/install/nav_pkg/lib/python3.10/site-packages/nav_pkg/navigation.py to navigation.cpython-310.pyc
[0.796s] running install_data
[0.796s] creating /home/giovanna/navigation/install/nav_pkg/share/ament_index
[0.796s] creating /home/giovanna/navigation/install/nav_pkg/share/ament_index/resource_index
[0.797s] creating /home/giovanna/navigation/install/nav_pkg/share/ament_index/resource_index/packages
[0.797s] copying resource/nav_pkg -> /home/giovanna/navigation/install/nav_pkg/share/ament_index/resource_index/packages
[0.797s] copying package.xml -> /home/giovanna/navigation/install/nav_pkg/share/nav_pkg
[0.797s] running install_egg_info
[0.798s] Copying ../../build/nav_pkg/nav_pkg.egg-info to /home/giovanna/navigation/install/nav_pkg/lib/python3.10/site-packages/nav_pkg-0.0.0-py3.10.egg-info
[0.798s] running install_scripts
[0.811s] Installing nav_node script to /home/giovanna/navigation/install/nav_pkg/lib/nav_pkg
[0.812s] writing list of installed files to '/home/giovanna/navigation/build/nav_pkg/install.log'
[0.828s] Invoked command in '/home/giovanna/navigation/src/nav_pkg' returned '0': PYTHONPATH=/home/giovanna/navigation/build/nav_pkg/prefix_override:/home/giovanna/navigation/install/nav_pkg/lib/python3.10/site-packages:${PYTHONPATH} /usr/bin/python3 setup.py egg_info --egg-base ../../build/nav_pkg build --build-base /home/giovanna/navigation/build/nav_pkg/build install --record /home/giovanna/navigation/build/nav_pkg/install.log --single-version-externally-managed
